<?xml version="1.0" encoding="UTF-8"?>
<testsuite name="LaunchTest" tests="1" skipped="0" failures="0" errors="0" timestamp="2023-02-16T15:08:11" hostname="DESKTOP-K03K98Q" time="0.784">
  <properties/>
  <testcase name="launch" classname="LaunchTest" time="0.784"/>
  <system-out><![CDATA[Version = Version 1.0.0
]]></system-out>
  <system-err><![CDATA[]]></system-err>
</testsuite>
