<?xml version="1.0" encoding="UTF-8"?>
<testsuite name="LoginTests" tests="2" skipped="0" failures="0" errors="0" timestamp="2023-02-16T15:08:11" hostname="DESKTOP-K03K98Q" time="29.549">
  <properties/>
  <testcase name="loginSuccess" classname="LoginTests" time="16.405"/>
  <testcase name="loginSuccessModel" classname="LoginTests" time="11.393"/>
  <system-out><![CDATA[]]></system-out>
  <system-err><![CDATA[]]></system-err>
</testsuite>
